<?xml version="1.0" encoding="UTF-8"?>
<testng-results skipped="0" failed="0" ignored="0" total="6" passed="6">
  <reporter-output>
  </reporter-output>
  <suite name="Surefire suite" duration-ms="118" started-at="2020-04-10T13:37:54Z" finished-at="2020-04-10T13:37:54Z">
    <groups>
    </groups>
    <test name="Surefire test" duration-ms="118" started-at="2020-04-10T13:37:54Z" finished-at="2020-04-10T13:37:54Z">
      <class name="qaclickacademy.AppiumTest">
        <test-method status="PASS" signature="m3()[pri:0, instance:qaclickacademy.AppiumTest@7946e1f4]" name="m3" duration-ms="23" started-at="2020-04-10T13:37:54Z" finished-at="2020-04-10T13:37:54Z">
          <reporter-output>
          </reporter-output>
        </test-method> <!-- m3 -->
        <test-method status="PASS" signature="m4()[pri:0, instance:qaclickacademy.AppiumTest@7946e1f4]" name="m4" duration-ms="1" started-at="2020-04-10T13:37:54Z" finished-at="2020-04-10T13:37:54Z">
          <reporter-output>
          </reporter-output>
        </test-method> <!-- m4 -->
      </class> <!-- qaclickacademy.AppiumTest -->
      <class name="qaclickacademy.SeleniumTest">
        <test-method status="PASS" signature="navigateUi()[pri:0, instance:qaclickacademy.SeleniumTest@5cc7c2a6]" name="navigateUi" duration-ms="1" started-at="2020-04-10T13:37:54Z" finished-at="2020-04-10T13:37:54Z">
          <reporter-output>
          </reporter-output>
        </test-method> <!-- navigateUi -->
        <test-method status="PASS" signature="openBrowser()[pri:0, instance:qaclickacademy.SeleniumTest@5cc7c2a6]" name="openBrowser" duration-ms="1" started-at="2020-04-10T13:37:54Z" finished-at="2020-04-10T13:37:54Z">
          <reporter-output>
          </reporter-output>
        </test-method> <!-- openBrowser -->
      </class> <!-- qaclickacademy.SeleniumTest -->
      <class name="qaclickacademy.RestApiTest">
        <test-method status="PASS" signature="m1()[pri:0, instance:qaclickacademy.RestApiTest@3c09711b]" name="m1" duration-ms="1" started-at="2020-04-10T13:37:54Z" finished-at="2020-04-10T13:37:54Z">
          <reporter-output>
          </reporter-output>
        </test-method> <!-- m1 -->
        <test-method status="PASS" signature="m2()[pri:0, instance:qaclickacademy.RestApiTest@3c09711b]" name="m2" duration-ms="1" started-at="2020-04-10T13:37:54Z" finished-at="2020-04-10T13:37:54Z">
          <reporter-output>
          </reporter-output>
        </test-method> <!-- m2 -->
      </class> <!-- qaclickacademy.RestApiTest -->
    </test> <!-- Surefire test -->
  </suite> <!-- Surefire suite -->
</testng-results>
