<?xml version="1.0" encoding="UTF-8"?>
<!-- Generated by org.testng.reporters.JUnitXMLReporter -->
<testsuite hostname="LAPTOP-SIGT1BQ1" ignored="0" name="Test" tests="6" failures="0" timestamp="10 Apr 2020 14:57:28 GMT" time="0.147" errors="0">
  <testcase name="m3" time="0.052" classname="qaclickacademy.AppiumTest"/>
  <testcase name="m4" time="0.001" classname="qaclickacademy.AppiumTest"/>
  <testcase name="navigateUi" time="0.001" classname="qaclickacademy.SeleniumTest"/>
  <testcase name="openBrowser" time="0.003" classname="qaclickacademy.SeleniumTest"/>
  <testcase name="m1" time="0.002" classname="qaclickacademy.RestApiTest"/>
  <testcase name="m2" time="0.001" classname="qaclickacademy.RestApiTest"/>
</testsuite> <!-- Test -->
